<?xml version="1.0" encoding="UTF-8"?><testrun name="AllTests" project="Homework1" tests="16" started="16" failures="2" errors="0" ignored="0">
  <testsuite name="tests.AllTests" time="0.071">
    <testsuite name="tests.CreatureTests" time="0.008">
      <testcase name="toStringIncludesClass" classname="tests.CreatureTests" time="0.005"/>
      <testcase name="BellyStartsEmpty" classname="tests.CreatureTests" time="0.001"/>
      <testcase name="eatingStores" classname="tests.CreatureTests" time="0.002"/>
    </testsuite>
    <testsuite name="tests.ThingTests" time="0.005">
      <testcase name="toStringReturnsOnlyName" classname="tests.ThingTests" time="0.0"/>
      <testcase name="NameGetSetWorks" classname="tests.ThingTests" time="0.005"/>
    </testsuite>
    <testsuite name="tests.FlyTests" time="0.033">
      <testcase name="toStringIncludesClass" classname="tests.FlyTests" time="0.001"/>
      <testcase name="FlyCantEatCreatures" classname="tests.FlyTests" time="0.03">
        <failure>java.lang.AssertionError: Expected exception: Things.Creature$IllegalFood
	at org.junit.internal.runners.statements.ExpectException.evaluate(ExpectException.java:32)
	at org.junit.internal.runners.statements.RunBefores.evaluate(RunBefores.java:26)
	at org.junit.runners.ParentRunner.runLeaf(ParentRunner.java:271)
	at org.junit.runners.BlockJUnit4ClassRunner.runChild(BlockJUnit4ClassRunner.java:70)
	at org.junit.runners.BlockJUnit4ClassRunner.runChild(BlockJUnit4ClassRunner.java:50)
	at org.junit.runners.ParentRunner$3.run(ParentRunner.java:238)
	at org.junit.runners.ParentRunner$1.schedule(ParentRunner.java:63)
	at org.junit.runners.ParentRunner.runChildren(ParentRunner.java:236)
	at org.junit.runners.ParentRunner.access$000(ParentRunner.java:53)
	at org.junit.runners.ParentRunner$2.evaluate(ParentRunner.java:229)
	at org.junit.runners.ParentRunner.run(ParentRunner.java:309)
	at org.junit.runners.Suite.runChild(Suite.java:127)
	at org.junit.runners.Suite.runChild(Suite.java:26)
	at org.junit.runners.ParentRunner$3.run(ParentRunner.java:238)
	at org.junit.runners.ParentRunner$1.schedule(ParentRunner.java:63)
	at org.junit.runners.ParentRunner.runChildren(ParentRunner.java:236)
	at org.junit.runners.ParentRunner.access$000(ParentRunner.java:53)
	at org.junit.runners.ParentRunner$2.evaluate(ParentRunner.java:229)
	at org.junit.runners.ParentRunner.run(ParentRunner.java:309)
	at org.eclipse.jdt.internal.junit4.runner.JUnit4TestReference.run(JUnit4TestReference.java:50)
	at org.eclipse.jdt.internal.junit.runner.TestExecution.run(TestExecution.java:38)
	at org.eclipse.jdt.internal.junit.runner.RemoteTestRunner.runTests(RemoteTestRunner.java:467)
	at org.eclipse.jdt.internal.junit.runner.RemoteTestRunner.runTests(RemoteTestRunner.java:683)
	at org.eclipse.jdt.internal.junit.runner.RemoteTestRunner.run(RemoteTestRunner.java:390)
	at org.eclipse.jdt.internal.junit.runner.RemoteTestRunner.main(RemoteTestRunner.java:197)

</failure>
      </testcase>
      <testcase name="eatingStores" classname="tests.FlyTests" time="0.002"/>
    </testsuite>
    <testsuite name="tests.AntTests" time="0.002">
      <testcase name="toStringIncludesClass" classname="tests.AntTests" time="0.0"/>
      <testcase name="eatingStores" classname="tests.AntTests" time="0.002"/>
    </testsuite>
    <testsuite name="tests.BatTests" time="0.019">
      <testcase name="toStringIncludesClass" classname="tests.BatTests" time="0.001"/>
      <testcase name="BatCanEatCreatures" classname="tests.BatTests" time="0.004"/>
      <testcase name="BatCantEatThings" classname="tests.BatTests" time="0.002">
        <failure>java.lang.AssertionError: Expected exception: Things.Creature$IllegalFood
	at org.junit.internal.runners.statements.ExpectException.evaluate(ExpectException.java:32)
	at org.junit.internal.runners.statements.RunBefores.evaluate(RunBefores.java:26)
	at org.junit.runners.ParentRunner.runLeaf(ParentRunner.java:271)
	at org.junit.runners.BlockJUnit4ClassRunner.runChild(BlockJUnit4ClassRunner.java:70)
	at org.junit.runners.BlockJUnit4ClassRunner.runChild(BlockJUnit4ClassRunner.java:50)
	at org.junit.runners.ParentRunner$3.run(ParentRunner.java:238)
	at org.junit.runners.ParentRunner$1.schedule(ParentRunner.java:63)
	at org.junit.runners.ParentRunner.runChildren(ParentRunner.java:236)
	at org.junit.runners.ParentRunner.access$000(ParentRunner.java:53)
	at org.junit.runners.ParentRunner$2.evaluate(ParentRunner.java:229)
	at org.junit.runners.ParentRunner.run(ParentRunner.java:309)
	at org.junit.runners.Suite.runChild(Suite.java:127)
	at org.junit.runners.Suite.runChild(Suite.java:26)
	at org.junit.runners.ParentRunner$3.run(ParentRunner.java:238)
	at org.junit.runners.ParentRunner$1.schedule(ParentRunner.java:63)
	at org.junit.runners.ParentRunner.runChildren(ParentRunner.java:236)
	at org.junit.runners.ParentRunner.access$000(ParentRunner.java:53)
	at org.junit.runners.ParentRunner$2.evaluate(ParentRunner.java:229)
	at org.junit.runners.ParentRunner.run(ParentRunner.java:309)
	at org.eclipse.jdt.internal.junit4.runner.JUnit4TestReference.run(JUnit4TestReference.java:50)
	at org.eclipse.jdt.internal.junit.runner.TestExecution.run(TestExecution.java:38)
	at org.eclipse.jdt.internal.junit.runner.RemoteTestRunner.runTests(RemoteTestRunner.java:467)
	at org.eclipse.jdt.internal.junit.runner.RemoteTestRunner.runTests(RemoteTestRunner.java:683)
	at org.eclipse.jdt.internal.junit.runner.RemoteTestRunner.run(RemoteTestRunner.java:390)
	at org.eclipse.jdt.internal.junit.runner.RemoteTestRunner.main(RemoteTestRunner.java:197)

</failure>
      </testcase>
      <testcase name="eatingStores" classname="tests.BatTests" time="0.012"/>
    </testsuite>
    <testsuite name="tests.TigerTests" time="0.004">
      <testcase name="toStringIncludesClass" classname="tests.TigerTests" time="0.001"/>
      <testcase name="eatingStores" classname="tests.TigerTests" time="0.003"/>
    </testsuite>
  </testsuite>
</testrun>
